#
# There is insufficient memory for the Java Runtime Environment to continue.
# Native memory allocation (malloc) failed to allocate 242416 bytes for Chunk::new
# Possible reasons:
#   The system is out of physical RAM or swap space
#   In 32 bit mode, the process size limit was hit
# Possible solutions:
#   Reduce memory load on the system
#   Increase physical memory or swap space
#   Check if swap backing store is full
#   Use 64 bit Java on a 64 bit OS
#   Decrease Java heap size (-Xmx/-Xms)
#   Decrease number of Java threads
#   Decrease Java thread stack sizes (-Xss)
#   Set larger code cache with -XX:ReservedCodeCacheSize=
# This output file may be truncated or incomplete.
#
#  Out of Memory Error (allocation.cpp:390), pid=8404, tid=0x0000000000002cec
#
# JRE version: Java(TM) SE Runtime Environment (8.0_121-b13) (build 1.8.0_121-b13)
# Java VM: Java HotSpot(TM) 64-Bit Server VM (25.121-b13 mixed mode windows-amd64 compressed oops)
# Failed to write core dump. Minidumps are not enabled by default on client versions of Windows
#

---------------  T H R E A D  ---------------

Current thread (0x000000001717b000):  JavaThread "C2 CompilerThread1" daemon [_thread_in_native, id=11500, stack(0x00000000189b0000,0x0000000018ab0000)]

Stack: [0x00000000189b0000,0x0000000018ab0000]
[error occurred during error reporting (printing stack bounds), id 0xc0000005]

Native frames: (J=compiled Java code, j=interpreted, Vv=VM code, C=native code)


Current CompileTask:
C2:  76361 4422       4       java.io.ObjectInputStream::defaultReadFields (199 bytes)


---------------  P R O C E S S  ---------------

Java Threads: ( => current thread )
  0x000000001a67f000 JavaThread "pool-1-thread-60" [_thread_blocked, id=6016, stack(0x000000001ff20000,0x0000000020020000)]
  0x000000001c3c6000 JavaThread "pool-1-thread-59" [_thread_blocked, id=6904, stack(0x000000001fe20000,0x000000001ff20000)]
  0x000000001c3c6800 JavaThread "pool-1-thread-58" [_thread_blocked, id=3564, stack(0x000000001fd20000,0x000000001fe20000)]
  0x0000000018e7b000 JavaThread "pool-1-thread-17" [_thread_blocked, id=7208, stack(0x000000001bb80000,0x000000001bc80000)]
  0x0000000018e7a000 JavaThread "pool-1-thread-16" [_thread_blocked, id=212, stack(0x000000001ba80000,0x000000001bb80000)]
  0x0000000018e80000 JavaThread "pool-1-thread-15" [_thread_blocked, id=7352, stack(0x000000001b980000,0x000000001ba80000)]
  0x0000000018e7d000 JavaThread "pool-1-thread-13" [_thread_blocked, id=8952, stack(0x000000001b780000,0x000000001b880000)]
  0x0000000018e7f800 JavaThread "pool-1-thread-11" [_thread_blocked, id=5212, stack(0x000000001b580000,0x000000001b680000)]
  0x0000000018e7e000 JavaThread "pool-1-thread-10" [_thread_blocked, id=3896, stack(0x000000001b480000,0x000000001b580000)]
  0x0000000019c3d000 JavaThread "pool-1-thread-9 for channel id=2 / waiting for channel id=134" [_thread_blocked, id=8848, stack(0x000000001b380000,0x000000001b480000)]
  0x0000000019c3c800 JavaThread "pool-1-thread-8" [_thread_blocked, id=11804, stack(0x000000001b280000,0x000000001b380000)]
  0x0000000019428000 JavaThread "pool-1-thread-6" [_thread_blocked, id=7476, stack(0x000000001b080000,0x000000001b180000)]
  0x0000000019472000 JavaThread "pool-1-thread-5" [_thread_blocked, id=10072, stack(0x000000001af80000,0x000000001b080000)]
  0x000000001a11e000 JavaThread "pool-1-thread-3" [_thread_blocked, id=11512, stack(0x000000001ad80000,0x000000001ae80000)]
  0x0000000019e06000 JavaThread "pool-1-thread-2" [_thread_blocked, id=10860, stack(0x000000001ac80000,0x000000001ad80000)]
  0x000000001a11a000 JavaThread "pool-1-thread-1" [_thread_blocked, id=10516, stack(0x000000001ab80000,0x000000001ac80000)]
  0x00000000192e8000 JavaThread "Channel reader thread: channel" [_thread_in_native, id=8120, stack(0x000000001aa80000,0x000000001ab80000)]
  0x000000001947f800 JavaThread "RemoteInvocationHandler [#1]" daemon [_thread_blocked, id=2392, stack(0x000000001a980000,0x000000001aa80000)]
  0x0000000018bd8800 JavaThread "Service Thread" daemon [_thread_blocked, id=10972, stack(0x0000000018fb0000,0x00000000190b0000)]
  0x000000001717e000 JavaThread "C1 CompilerThread2" daemon [_thread_blocked, id=7536, stack(0x0000000018ab0000,0x0000000018bb0000)]
=>0x000000001717b000 JavaThread "C2 CompilerThread1" daemon [_thread_in_native, id=11500, stack(0x00000000189b0000,0x0000000018ab0000)]
  0x0000000017178000 JavaThread "C2 CompilerThread0" daemon [_thread_blocked, id=8556, stack(0x00000000188b0000,0x00000000189b0000)]
  0x0000000017173800 JavaThread "Attach Listener" daemon [_thread_blocked, id=9104, stack(0x00000000187b0000,0x00000000188b0000)]
  0x0000000017172800 JavaThread "Signal Dispatcher" daemon [_thread_blocked, id=9820, stack(0x00000000186b0000,0x00000000187b0000)]
  0x0000000004b7d000 JavaThread "Finalizer" daemon [_thread_blocked, id=5824, stack(0x00000000183c0000,0x00000000184c0000)]
  0x0000000017138800 JavaThread "Reference Handler" daemon [_thread_blocked, id=5284, stack(0x00000000182c0000,0x00000000183c0000)]
  0x0000000004a83800 JavaThread "main" [_thread_blocked, id=3900, stack(0x00000000048a0000,0x00000000049a0000)]

Other Threads:
  0x0000000017137000 VMThread [stack: 0x00000000181c0000,0x00000000182c0000] [id=4436]
  0x0000000018c03800 WatcherThread [stack: 0x00000000190b0000,0x00000000191b0000] [id=1384]

VM state:not at safepoint (normal execution)

VM Mutex/Monitor currently owned by a thread: None

Heap:
 PSYoungGen      total 63488K, used 49725K [0x00000000eb300000, 0x00000000f0480000, 0x0000000100000000)
  eden space 57344K, 78% used [0x00000000eb300000,0x00000000edecf5d0,0x00000000eeb00000)
  from space 6144K, 79% used [0x00000000eeb00000,0x00000000eefc0000,0x00000000ef100000)
  to   space 6144K, 0% used [0x00000000efe80000,0x00000000efe80000,0x00000000f0480000)
 ParOldGen       total 36352K, used 15035K [0x00000000c1800000, 0x00000000c3b80000, 0x00000000eb300000)
  object space 36352K, 41% used [0x00000000c1800000,0x00000000c26aed38,0x00000000c3b80000)
 Metaspace       used 23050K, capacity 23930K, committed 24320K, reserved 1071104K
  class space    used 2667K, capacity 2957K, committed 3072K, reserved 1048576K

Card table byte_map: [0x0000000013f40000,0x0000000014140000] byte_map_base: 0x0000000013934000

Marking Bits: (ParMarkBitMap*) 0x000000006889b6d0
 Begin Bits: [0x0000000014690000, 0x0000000015630000)
 End Bits:   [0x0000000015630000, 0x00000000165d0000)

Polling page: 0x0000000002b20000

CodeCache: size=245760Kb used=14240Kb max_used=14513Kb free=231519Kb
 bounds [0x0000000004b80000, 0x00000000059d0000, 0x0000000013b80000]
 total_blobs=4279 nmethods=3873 adapters=317
 compilation: enabled

Compilation events (10 events):
Event: 76.132 Thread 0x000000001717e000 nmethod 4417 0x000000000529d090 code [0x000000000529d220, 0x000000000529d628]
Event: 76.270 Thread 0x000000001717b000 4418   !   4       java.util.concurrent.ConcurrentHashMap::putVal (362 bytes)
Event: 76.271 Thread 0x0000000017178000 4419       4       java.lang.Class$MethodArray::matchesNameAndDescriptor (42 bytes)
Event: 76.272 Thread 0x000000001717e000 4420       3       java.io.FilterOutputStream::write (9 bytes)
Event: 76.272 Thread 0x000000001717e000 nmethod 4420 0x0000000004f33790 code [0x0000000004f33900, 0x0000000004f33b28]
Event: 76.273 Thread 0x0000000017178000 nmethod 4419 0x0000000004ceb450 code [0x0000000004ceb5c0, 0x0000000004ceb868]
Event: 76.285 Thread 0x0000000017178000 4421       4       java.io.ObjectInputStream$BlockDataInputStream::readInt (73 bytes)
Event: 76.287 Thread 0x000000001717b000 nmethod 4418 0x0000000004f2e0d0 code [0x0000000004f2e2a0, 0x0000000004f2f100]
Event: 76.287 Thread 0x000000001717b000 4422       4       java.io.ObjectInputStream::defaultReadFields (199 bytes)
Event: 76.288 Thread 0x0000000017178000 nmethod 4421 0x0000000004f2da10 code [0x0000000004f2db80, 0x0000000004f2dde8]

GC Heap History (10 events):
Event: 7.580 GC heap before
{Heap before GC invocations=10 (full 1):
 PSYoungGen      total 37376K, used 2280K [0x00000000eb300000, 0x00000000ef000000, 0x0000000100000000)
  eden space 31744K, 0% used [0x00000000eb300000,0x00000000eb300000,0x00000000ed200000)
  from space 5632K, 40% used [0x00000000ed200000,0x00000000ed43a2d8,0x00000000ed780000)
  to   space 5632K, 0% used [0x00000000eea80000,0x00000000eea80000,0x00000000ef000000)
 ParOldGen       total 44032K, used 11387K [0x00000000c1800000, 0x00000000c4300000, 0x00000000eb300000)
  object space 44032K, 25% used [0x00000000c1800000,0x00000000c231efc8,0x00000000c4300000)
 Metaspace       used 20402K, capacity 21010K, committed 21248K, reserved 1067008K
  class space    used 2472K, capacity 2701K, committed 2816K, reserved 1048576K
Event: 7.634 GC heap after
Heap after GC invocations=10 (full 1):
 PSYoungGen      total 37376K, used 0K [0x00000000eb300000, 0x00000000ef000000, 0x0000000100000000)
  eden space 31744K, 0% used [0x00000000eb300000,0x00000000eb300000,0x00000000ed200000)
  from space 5632K, 0% used [0x00000000ed200000,0x00000000ed200000,0x00000000ed780000)
  to   space 5632K, 0% used [0x00000000eea80000,0x00000000eea80000,0x00000000ef000000)
 ParOldGen       total 36352K, used 11099K [0x00000000c1800000, 0x00000000c3b80000, 0x00000000eb300000)
  object space 36352K, 30% used [0x00000000c1800000,0x00000000c22d6d38,0x00000000c3b80000)
 Metaspace       used 20402K, capacity 21010K, committed 21248K, reserved 1067008K
  class space    used 2472K, capacity 2701K, committed 2816K, reserved 1048576K
}
Event: 11.571 GC heap before
{Heap before GC invocations=11 (full 1):
 PSYoungGen      total 37376K, used 31744K [0x00000000eb300000, 0x00000000ef000000, 0x0000000100000000)
  eden space 31744K, 100% used [0x00000000eb300000,0x00000000ed200000,0x00000000ed200000)
  from space 5632K, 0% used [0x00000000ed200000,0x00000000ed200000,0x00000000ed780000)
  to   space 5632K, 0% used [0x00000000eea80000,0x00000000eea80000,0x00000000ef000000)
 ParOldGen       total 36352K, used 11099K [0x00000000c1800000, 0x00000000c3b80000, 0x00000000eb300000)
  object space 36352K, 30% used [0x00000000c1800000,0x00000000c22d6d38,0x00000000c3b80000)
 Metaspace       used 20862K, capacity 21520K, committed 21760K, reserved 1069056K
  class space    used 2505K, capacity 2738K, committed 2816K, reserved 1048576K
Event: 11.574 GC heap after
Heap after GC invocations=11 (full 1):
 PSYoungGen      total 46592K, used 2722K [0x00000000eb300000, 0x00000000eed80000, 0x0000000100000000)
  eden space 43520K, 0% used [0x00000000eb300000,0x00000000eb300000,0x00000000edd80000)
  from space 3072K, 88% used [0x00000000eea80000,0x00000000eed28958,0x00000000eed80000)
  to   space 5632K, 0% used [0x00000000ee280000,0x00000000ee280000,0x00000000ee800000)
 ParOldGen       total 36352K, used 11107K [0x00000000c1800000, 0x00000000c3b80000, 0x00000000eb300000)
  object space 36352K, 30% used [0x00000000c1800000,0x00000000c22d8d38,0x00000000c3b80000)
 Metaspace       used 20862K, capacity 21520K, committed 21760K, reserved 1069056K
  class space    used 2505K, capacity 2738K, committed 2816K, reserved 1048576K
}
Event: 19.137 GC heap before
{Heap before GC invocations=12 (full 1):
 PSYoungGen      total 46592K, used 46242K [0x00000000eb300000, 0x00000000eed80000, 0x0000000100000000)
  eden space 43520K, 100% used [0x00000000eb300000,0x00000000edd80000,0x00000000edd80000)
  from space 3072K, 88% used [0x00000000eea80000,0x00000000eed28958,0x00000000eed80000)
  to   space 5632K, 0% used [0x00000000ee280000,0x00000000ee280000,0x00000000ee800000)
 ParOldGen       total 36352K, used 11107K [0x00000000c1800000, 0x00000000c3b80000, 0x00000000eb300000)
  object space 36352K, 30% used [0x00000000c1800000,0x00000000c22d8d38,0x00000000c3b80000)
 Metaspace       used 21203K, capacity 21876K, committed 22272K, reserved 1069056K
  class space    used 2511K, capacity 2744K, committed 2816K, reserved 1048576K
Event: 19.142 GC heap after
Heap after GC invocations=12 (full 1):
 PSYoungGen      total 54272K, used 1984K [0x00000000eb300000, 0x00000000ef700000, 0x0000000100000000)
  eden space 48640K, 0% used [0x00000000eb300000,0x00000000eb300000,0x00000000ee280000)
  from space 5632K, 35% used [0x00000000ee280000,0x00000000ee470000,0x00000000ee800000)
  to   space 6144K, 0% used [0x00000000ef100000,0x00000000ef100000,0x00000000ef700000)
 ParOldGen       total 36352K, used 13291K [0x00000000c1800000, 0x00000000c3b80000, 0x00000000eb300000)
  object space 36352K, 36% used [0x00000000c1800000,0x00000000c24fad38,0x00000000c3b80000)
 Metaspace       used 21203K, capacity 21876K, committed 22272K, reserved 1069056K
  class space    used 2511K, capacity 2744K, committed 2816K, reserved 1048576K
}
Event: 26.182 GC heap before
{Heap before GC invocations=13 (full 1):
 PSYoungGen      total 54272K, used 50624K [0x00000000eb300000, 0x00000000ef700000, 0x0000000100000000)
  eden space 48640K, 100% used [0x00000000eb300000,0x00000000ee280000,0x00000000ee280000)
  from space 5632K, 35% used [0x00000000ee280000,0x00000000ee470000,0x00000000ee800000)
  to   space 6144K, 0% used [0x00000000ef100000,0x00000000ef100000,0x00000000ef700000)
 ParOldGen       total 36352K, used 13291K [0x00000000c1800000, 0x00000000c3b80000, 0x00000000eb300000)
  object space 36352K, 36% used [0x00000000c1800000,0x00000000c24fad38,0x00000000c3b80000)
 Metaspace       used 21459K, capacity 22208K, committed 22528K, reserved 1069056K
  class space    used 2513K, capacity 2746K, committed 2816K, reserved 1048576K
Event: 26.187 GC heap after
Heap after GC invocations=13 (full 1):
 PSYoungGen      total 63488K, used 2176K [0x00000000eb300000, 0x00000000efc00000, 0x0000000100000000)
  eden space 57344K, 0% used [0x00000000eb300000,0x00000000eb300000,0x00000000eeb00000)
  from space 6144K, 35% used [0x00000000ef100000,0x00000000ef320000,0x00000000ef700000)
  to   space 6144K, 0% used [0x00000000eeb00000,0x00000000eeb00000,0x00000000ef100000)
 ParOldGen       total 36352K, used 15027K [0x00000000c1800000, 0x00000000c3b80000, 0x00000000eb300000)
  object space 36352K, 41% used [0x00000000c1800000,0x00000000c26acd38,0x00000000c3b80000)
 Metaspace       used 21459K, capacity 22208K, committed 22528K, reserved 1069056K
  class space    used 2513K, capacity 2746K, committed 2816K, reserved 1048576K
}
Event: 35.546 GC heap before
{Heap before GC invocations=14 (full 1):
 PSYoungGen      total 63488K, used 59520K [0x00000000eb300000, 0x00000000efc00000, 0x0000000100000000)
  eden space 57344K, 100% used [0x00000000eb300000,0x00000000eeb00000,0x00000000eeb00000)
  from space 6144K, 35% used [0x00000000ef100000,0x00000000ef320000,0x00000000ef700000)
  to   space 6144K, 0% used [0x00000000eeb00000,0x00000000eeb00000,0x00000000ef100000)
 ParOldGen       total 36352K, used 15027K [0x00000000c1800000, 0x00000000c3b80000, 0x00000000eb300000)
  object space 36352K, 41% used [0x00000000c1800000,0x00000000c26acd38,0x00000000c3b80000)
 Metaspace       used 21920K, capacity 22624K, committed 22784K, reserved 1069056K
  class space    used 2553K, capacity 2778K, committed 2816K, reserved 1048576K
Event: 35.551 GC heap after
Heap after GC invocations=14 (full 1):
 PSYoungGen      total 63488K, used 4864K [0x00000000eb300000, 0x00000000f0480000, 0x0000000100000000)
  eden space 57344K, 0% used [0x00000000eb300000,0x00000000eb300000,0x00000000eeb00000)
  from space 6144K, 79% used [0x00000000eeb00000,0x00000000eefc0000,0x00000000ef100000)
  to   space 6144K, 0% used [0x00000000efe80000,0x00000000efe80000,0x00000000f0480000)
 ParOldGen       total 36352K, used 15035K [0x00000000c1800000, 0x00000000c3b80000, 0x00000000eb300000)
  object space 36352K, 41% used [0x00000000c1800000,0x00000000c26aed38,0x00000000c3b80000)
 Metaspace       used 21920K, capacity 22624K, committed 22784K, reserved 1069056K
  class space    used 2553K, capacity 2778K, committed 2816K, reserved 1048576K
}

Deoptimization events (10 events):
Event: 64.963 Thread 0x000000001c403000 Uncommon trap: reason=unstable_if action=reinterpret pc=0x0000000004f91b0c method=java.util.concurrent.SynchronousQueue$TransferStack.awaitFulfill(Ljava/util/concurrent/SynchronousQueue$TransferStack$SNode;ZJ)Ljava/util/concurrent/SynchronousQueue$Transfe
Event: 64.963 Thread 0x000000001c401800 Uncommon trap: reason=unstable_if action=reinterpret pc=0x0000000004f91b0c method=java.util.concurrent.SynchronousQueue$TransferStack.awaitFulfill(Ljava/util/concurrent/SynchronousQueue$TransferStack$SNode;ZJ)Ljava/util/concurrent/SynchronousQueue$Transfe
Event: 67.227 Thread 0x000000001c3c3800 Uncommon trap: reason=unstable_if action=reinterpret pc=0x00000000050b83cc method=java.util.concurrent.SynchronousQueue$TransferStack.awaitFulfill(Ljava/util/concurrent/SynchronousQueue$TransferStack$SNode;ZJ)Ljava/util/concurrent/SynchronousQueue$Transfe
Event: 75.688 Thread 0x0000000019c3d000 Uncommon trap: reason=class_check action=maybe_recompile pc=0x00000000050bc140 method=java.util.concurrent.ConcurrentHashMap.putVal(Ljava/lang/Object;Ljava/lang/Object;Z)Ljava/lang/Object; @ 192
Event: 75.726 Thread 0x0000000019c3d000 Uncommon trap: reason=class_check action=maybe_recompile pc=0x00000000050bc140 method=java.util.concurrent.ConcurrentHashMap.putVal(Ljava/lang/Object;Ljava/lang/Object;Z)Ljava/lang/Object; @ 192
Event: 76.038 Thread 0x0000000019c3d000 Uncommon trap: reason=bimorphic action=maybe_recompile pc=0x00000000057367bc method=java.io.BufferedReader.fill()V @ 145
Event: 76.038 Thread 0x0000000019c3d000 Uncommon trap: reason=bimorphic action=maybe_recompile pc=0x00000000059047d8 method=sun.nio.cs.StreamDecoder.readBytes()I @ 135
Event: 76.038 Thread 0x0000000019c3d000 Uncommon trap: reason=bimorphic action=maybe_recompile pc=0x00000000057367bc method=java.io.BufferedReader.fill()V @ 145
Event: 76.038 Thread 0x0000000019c3d000 Uncommon trap: reason=bimorphic action=maybe_recompile pc=0x00000000059047d8 method=sun.nio.cs.StreamDecoder.readBytes()I @ 135
Event: 76.063 Thread 0x0000000019c3d000 Uncommon trap: reason=class_check action=maybe_recompile pc=0x00000000050bc140 method=java.util.concurrent.ConcurrentHashMap.putVal(Ljava/lang/Object;Ljava/lang/Object;Z)Ljava/lang/Object; @ 192

Internal exceptions (10 events):
Event: 6.058 Thread 0x0000000019c3d000 Exception <a 'java/lang/NoClassDefFoundError': javax/annotation/Priority> (0x00000000eb43d830) thrown at [C:\re\workspace\8-2-build-windows-amd64-cygwin\jdk8u121\8372\hotspot\src\share\vm\classfile\systemDictionary.cpp, line 199]
Event: 6.260 Thread 0x0000000019c3d000 Implicit null exception at 0x0000000004d25b5a to 0x0000000004d25d15
Event: 7.243 Thread 0x0000000019e06000 Exception <a 'java/lang/NoSuchMethodError': <clinit>> (0x00000000eb710af0) thrown at [C:\re\workspace\8-2-build-windows-amd64-cygwin\jdk8u121\8372\hotspot\src\share\vm\prims\jni.cpp, line 1613]
Event: 7.681 Thread 0x0000000019c3d000 Implicit null exception at 0x0000000004e2af95 to 0x0000000004e2b191
Event: 7.883 Thread 0x0000000019c3d000 Implicit null exception at 0x0000000004ee0fb7 to 0x0000000004ee1201
Event: 9.327 Thread 0x0000000019c3d000 Implicit null exception at 0x000000000516c07b to 0x000000000516c75d
Event: 19.359 Thread 0x0000000019c3d000 Implicit null exception at 0x000000000557ebf7 to 0x00000000055808a1
Event: 34.652 Thread 0x0000000019c3d000 Implicit null exception at 0x000000000586a3f3 to 0x000000000586c449
Event: 36.174 Thread 0x0000000019c3d000 Implicit null exception at 0x000000000553cf68 to 0x000000000553e07d
Event: 43.752 Thread 0x0000000019c3d000 Implicit null exception at 0x000000000599df68 to 0x000000000599f30e

Events (10 events):
Event: 76.269 loading class org/springframework/util/ReflectionUtils$3
Event: 76.269 loading class org/springframework/util/ReflectionUtils$3 done
Event: 76.270 loading class org/apache/maven/plugin/lifecycle/Lifecycle
Event: 76.270 loading class org/apache/maven/plugin/lifecycle/Lifecycle done
Event: 76.271 loading class org/codehaus/plexus/component/configurator/converters/ConfigurationConverter
Event: 76.271 loading class org/codehaus/plexus/component/configurator/converters/ConfigurationConverter done
Event: 76.271 loading class hudson/maven/MavenUtil
Event: 76.271 loading class hudson/maven/MavenUtil done
Event: 76.271 loading class hudson/maven/MavenUtil
Event: 76.271 loading class hudson/maven/MavenUtil done


Dynamic libraries:
0x00007ff6d98d0000 - 0x00007ff6d9907000 	C:\Program Files\Java\jdk1.8.0_121\bin\java.exe
0x00007fff99340000 - 0x00007fff99520000 	C:\WINDOWS\SYSTEM32\ntdll.dll
0x00007fff98fa0000 - 0x00007fff9904e000 	C:\WINDOWS\System32\KERNEL32.DLL
0x00007fff95a20000 - 0x00007fff95c86000 	C:\WINDOWS\System32\KERNELBASE.dll
0x00007fff97730000 - 0x00007fff977d1000 	C:\WINDOWS\System32\ADVAPI32.dll
0x00007fff97690000 - 0x00007fff9772d000 	C:\WINDOWS\System32\msvcrt.dll
0x00007fff98f40000 - 0x00007fff98f9b000 	C:\WINDOWS\System32\sechost.dll
0x00007fff99050000 - 0x00007fff9916f000 	C:\WINDOWS\System32\RPCRT4.dll
0x00007fff96890000 - 0x00007fff96a1f000 	C:\WINDOWS\System32\USER32.dll
0x00007fff95e80000 - 0x00007fff95ea0000 	C:\WINDOWS\System32\win32u.dll
0x00007fff974f0000 - 0x00007fff97518000 	C:\WINDOWS\System32\GDI32.dll
0x00007fff95c90000 - 0x00007fff95e23000 	C:\WINDOWS\System32\gdi32full.dll
0x00007fff96670000 - 0x00007fff9670b000 	C:\WINDOWS\System32\msvcp_win.dll
0x00007fff96710000 - 0x00007fff96806000 	C:\WINDOWS\System32\ucrtbase.dll
0x00007fff82780000 - 0x00007fff829e9000 	C:\WINDOWS\WinSxS\amd64_microsoft.windows.common-controls_6595b64144ccf1df_6.0.16299.371_none_15c7d1789365a290\COMCTL32.dll
0x00007fff977f0000 - 0x00007fff97af8000 	C:\WINDOWS\System32\combase.dll
0x00007fff95ea0000 - 0x00007fff95f12000 	C:\WINDOWS\System32\bcryptPrimitives.dll
0x00007fff97320000 - 0x00007fff9734d000 	C:\WINDOWS\System32\IMM32.DLL
0x0000000069670000 - 0x0000000069742000 	C:\Program Files\Java\jdk1.8.0_121\jre\bin\msvcr100.dll
0x0000000068080000 - 0x000000006891b000 	C:\Program Files\Java\jdk1.8.0_121\jre\bin\server\jvm.dll
0x00007fff977e0000 - 0x00007fff977e8000 	C:\WINDOWS\System32\PSAPI.DLL
0x00007fff86220000 - 0x00007fff86229000 	C:\WINDOWS\SYSTEM32\WSOCK32.dll
0x00007fff93250000 - 0x00007fff93273000 	C:\WINDOWS\SYSTEM32\WINMM.dll
0x00007fff973e0000 - 0x00007fff9744c000 	C:\WINDOWS\System32\WS2_32.dll
0x00007fff8a140000 - 0x00007fff8a14a000 	C:\WINDOWS\SYSTEM32\VERSION.dll
0x00007fff931f0000 - 0x00007fff9321a000 	C:\WINDOWS\SYSTEM32\winmmbase.dll
0x00007fff95e30000 - 0x00007fff95e7a000 	C:\WINDOWS\System32\cfgmgr32.dll
0x0000000069660000 - 0x000000006966f000 	C:\Program Files\Java\jdk1.8.0_121\jre\bin\verify.dll
0x0000000069630000 - 0x0000000069659000 	C:\Program Files\Java\jdk1.8.0_121\jre\bin\java.dll
0x0000000069610000 - 0x0000000069626000 	C:\Program Files\Java\jdk1.8.0_121\jre\bin\zip.dll
0x00007fff97b00000 - 0x00007fff98f36000 	C:\WINDOWS\System32\SHELL32.dll
0x00007fff96a90000 - 0x00007fff96b36000 	C:\WINDOWS\System32\shcore.dll
0x00007fff95f20000 - 0x00007fff96667000 	C:\WINDOWS\System32\windows.storage.dll
0x00007fff97350000 - 0x00007fff973a1000 	C:\WINDOWS\System32\shlwapi.dll
0x00007fff956b0000 - 0x00007fff956c1000 	C:\WINDOWS\System32\kernel.appcore.dll
0x00007fff956f0000 - 0x00007fff9573c000 	C:\WINDOWS\System32\powrprof.dll
0x00007fff95690000 - 0x00007fff956ab000 	C:\WINDOWS\System32\profapi.dll
0x00000000695e0000 - 0x00000000695fa000 	C:\Program Files\Java\jdk1.8.0_121\jre\bin\net.dll
0x00007fff94f20000 - 0x00007fff94f86000 	C:\WINDOWS\system32\mswsock.dll
0x00000000695c0000 - 0x00000000695d1000 	C:\Program Files\Java\jdk1.8.0_121\jre\bin\nio.dll
0x00000000693e0000 - 0x0000000069578000 	C:\Program Files\Java\jdk1.8.0_121\jre\bin\awt.dll
0x00007fff97100000 - 0x00007fff971c5000 	C:\WINDOWS\System32\OLEAUT32.dll
0x00007fff93870000 - 0x00007fff938f8000 	C:\WINDOWS\SYSTEM32\apphelp.dll

VM Arguments:
java_command: jenkins.maven3.agent.Maven35Main C:\Users\AJ\Downloads\apache-maven-3.5.3-bin\apache-maven-3.5.3 C:\xampp\tomcat\webapps\jenkins\WEB-INF\lib\remoting-3.20.jar C:\Users\AJ\.jenkins\plugins\maven-plugin\WEB-INF\lib\maven35-interceptor-1.12-alpha-1.jar C:\Users\AJ\.jenkins\plugins\maven-plugin\WEB-INF\lib\maven3-interceptor-commons-1.12-alpha-1.jar 4650
java_class_path (initial): C:\Users\AJ\.jenkins\plugins\maven-plugin\WEB-INF\lib\maven35-agent-1.12-alpha-1.jar;C:\Users\AJ\Downloads\apache-maven-3.5.3-bin\apache-maven-3.5.3\boot\plexus-classworlds-2.5.2.jar;C:\Users\AJ\Downloads\apache-maven-3.5.3-bin\apache-maven-3.5.3/conf/logging
Launcher Type: SUN_STANDARD

Environment Variables:
JAVA_HOME=C:\Program Files\Java\jdk1.8.0_121\
USERNAME=AJ
SHELL=C:\Program Files\Git\usr\bin\bash.exe
DISPLAY=needs-to-be-defined
OS=Windows_NT
PROCESSOR_IDENTIFIER=Intel64 Family 6 Model 142 Stepping 9, GenuineIntel



---------------  S Y S T E M  ---------------

OS: Windows 10.0 , 64 bit Build 16299 (10.0.16299.15)

CPU:total 4 (2 cores per cpu, 2 threads per core) family 6 model 142 stepping 9, cmov, cx8, fxsr, mmx, sse, sse2, sse3, ssse3, sse4.1, sse4.2, popcnt, avx, avx2, aes, clmul, erms, 3dnowpref, lzcnt, ht, tsc, tscinvbit, bmi1, bmi2, adx

Memory: 4k page, physical 4092036k(380524k free), swap 6197360k(1696k free)

vm_info: Java HotSpot(TM) 64-Bit Server VM (25.121-b13) for windows-amd64 JRE (1.8.0_121-b13), built on Dec 12 2016 18:21:36 by "java_re" with MS VC++ 10.0 (VS2010)

time: Mon May 07 11:24:47 2018
elapsed time: 76 seconds (0d 0h 1m 16s)

